C:\Microsemi\Libero_v11.3\Synopsys\synplify_I201309MSP1\bin64\c_ver.exe  -osyn  E:\Julio\Projetos\IPs\CRC\src\SoC\crc_ahb_ip\synthesis\synwork\crc_ahb_ip_comp.srs  -prodtype  synplify_pro  -nram -fixsmult   -divnmod -I E:\Julio\Projetos\IPs\CRC\src\SoC\crc_ahb_ip\synthesis\  -I C:\Microsemi\Libero_v11.3\Synopsys\synplify_I201309MSP1\lib  -v2001  -devicelib  C:\Microsemi\Libero_v11.3\Synopsys\synplify_I201309MSP1\lib\proasic\smartfusion.v  -encrypt  -pro  -dmgen  E:\Julio\Projetos\IPs\CRC\src\SoC\crc_ahb_ip\synthesis\dm  -ui -fid2 -ram -sharing on  -ll 2000 -autosm -lib work E:\Julio\Projetos\IPs\CRC\src\SoC\crc_ahb_ip\component\work\crc_ahb_ip_MSS\mss_tshell.v -lib work E:\Julio\Projetos\IPs\CRC\src\SoC\crc_ahb_ip\component\Actel\SmartFusionMSS\MSS\2.5.106\mss_comps.v -lib work E:\Julio\Projetos\IPs\CRC\src\SoC\crc_ahb_ip\component\work\crc_ahb_ip_MSS\MSS_CCC_0\crc_ahb_ip_MSS_tmp_MSS_CCC_0_MSS_CCC.v -lib work E:\Julio\Projetos\IPs\CRC\src\SoC\crc_ahb_ip\component\work\crc_ahb_ip_MSS\crc_ahb_ip_MSS.v -lib work E:\Julio\Projetos\IPs\CRC\src\SoC\crc_ahb_ip\hdl\host_interface.v -lib work E:\Julio\Projetos\IPs\CRC\src\SoC\crc_ahb_ip\hdl\bit_reversal.v -lib work E:\Julio\Projetos\IPs\CRC\src\SoC\crc_ahb_ip\hdl\crc_comb.v -lib work E:\Julio\Projetos\IPs\CRC\src\SoC\crc_ahb_ip\hdl\crc_parrallel.v -lib work E:\Julio\Projetos\IPs\CRC\src\SoC\crc_ahb_ip\hdl\crc_datapath.v -lib work E:\Julio\Projetos\IPs\CRC\src\SoC\crc_ahb_ip\hdl\crc_control_unit.v -lib work E:\Julio\Projetos\IPs\CRC\src\SoC\crc_ahb_ip\hdl\crc_unit.v -lib work E:\Julio\Projetos\IPs\CRC\src\SoC\crc_ahb_ip\hdl\crc_ip.v -lib COREAHBLITE_LIB E:\Julio\Projetos\IPs\CRC\src\SoC\crc_ahb_ip\component\Actel\DirectCore\CoreAHBLite\5.0.100\rtl\vlog\core\coreahblite_addrdec.v -lib COREAHBLITE_LIB E:\Julio\Projetos\IPs\CRC\src\SoC\crc_ahb_ip\component\Actel\DirectCore\CoreAHBLite\5.0.100\rtl\vlog\core\coreahblite_defaultslavesm.v -lib COREAHBLITE_LIB E:\Julio\Projetos\IPs\CRC\src\SoC\crc_ahb_ip\component\Actel\DirectCore\CoreAHBLite\5.0.100\rtl\vlog\core\coreahblite_masterstage.v -lib COREAHBLITE_LIB E:\Julio\Projetos\IPs\CRC\src\SoC\crc_ahb_ip\component\Actel\DirectCore\CoreAHBLite\5.0.100\rtl\vlog\core\coreahblite_slavearbiter.v -lib COREAHBLITE_LIB E:\Julio\Projetos\IPs\CRC\src\SoC\crc_ahb_ip\component\Actel\DirectCore\CoreAHBLite\5.0.100\rtl\vlog\core\coreahblite_slavestage.v -lib COREAHBLITE_LIB E:\Julio\Projetos\IPs\CRC\src\SoC\crc_ahb_ip\component\Actel\DirectCore\CoreAHBLite\5.0.100\rtl\vlog\core\coreahblite_matrix4x16.v -lib COREAHBLITE_LIB E:\Julio\Projetos\IPs\CRC\src\SoC\crc_ahb_ip\component\Actel\DirectCore\CoreAHBLite\5.0.100\rtl\vlog\core\coreahblite.v -lib work E:\Julio\Projetos\IPs\CRC\src\SoC\crc_ahb_ip\component\work\crc_ahb_ip\crc_ahb_ip.v -loga  E:\Julio\Projetos\IPs\CRC\src\SoC\crc_ahb_ip\synthesis\crc_ahb_ip.srr 
rc:1 success:1
E:\Julio\Projetos\IPs\CRC\src\SoC\crc_ahb_ip\synthesis\synwork\crc_ahb_ip_comp.srs|o|1411788770|144294
C:\Microsemi\Libero_v11.3\Synopsys\synplify_I201309MSP1\lib\proasic\smartfusion.v|i|1389697496|72817
E:\Julio\Projetos\IPs\CRC\src\SoC\crc_ahb_ip\component\work\crc_ahb_ip_MSS\mss_tshell.v|i|1411786337|12560
E:\Julio\Projetos\IPs\CRC\src\SoC\crc_ahb_ip\component\Actel\SmartFusionMSS\MSS\2.5.106\mss_comps.v|i|1386636306|11243
E:\Julio\Projetos\IPs\CRC\src\SoC\crc_ahb_ip\component\work\crc_ahb_ip_MSS\MSS_CCC_0\crc_ahb_ip_MSS_tmp_MSS_CCC_0_MSS_CCC.v|i|1411786324|2889
E:\Julio\Projetos\IPs\CRC\src\SoC\crc_ahb_ip\component\work\crc_ahb_ip_MSS\crc_ahb_ip_MSS.v|i|1411786355|19408
E:\Julio\Projetos\IPs\CRC\src\SoC\crc_ahb_ip\hdl\host_interface.v|i|1411855869|4082
E:\Julio\Projetos\IPs\CRC\src\SoC\crc_ahb_ip\hdl\bit_reversal.v|i|1411855869|972
E:\Julio\Projetos\IPs\CRC\src\SoC\crc_ahb_ip\hdl\crc_comb.v|i|1411855869|1571
E:\Julio\Projetos\IPs\CRC\src\SoC\crc_ahb_ip\hdl\crc_parrallel.v|i|1411855869|2145
E:\Julio\Projetos\IPs\CRC\src\SoC\crc_ahb_ip\hdl\crc_datapath.v|i|1411855869|6798
E:\Julio\Projetos\IPs\CRC\src\SoC\crc_ahb_ip\hdl\crc_control_unit.v|i|1411855869|6790
E:\Julio\Projetos\IPs\CRC\src\SoC\crc_ahb_ip\hdl\crc_unit.v|i|1411855869|2619
E:\Julio\Projetos\IPs\CRC\src\SoC\crc_ahb_ip\hdl\crc_ip.v|i|1411855869|2709
E:\Julio\Projetos\IPs\CRC\src\SoC\crc_ahb_ip\component\Actel\DirectCore\CoreAHBLite\5.0.100\rtl\vlog\core\coreahblite_addrdec.v|i|1411786375|6867
E:\Julio\Projetos\IPs\CRC\src\SoC\crc_ahb_ip\component\Actel\DirectCore\CoreAHBLite\5.0.100\rtl\vlog\core\coreahblite_defaultslavesm.v|i|1411786375|2175
E:\Julio\Projetos\IPs\CRC\src\SoC\crc_ahb_ip\component\Actel\DirectCore\CoreAHBLite\5.0.100\rtl\vlog\core\coreahblite_masterstage.v|i|1411786375|16975
E:\Julio\Projetos\IPs\CRC\src\SoC\crc_ahb_ip\component\Actel\DirectCore\CoreAHBLite\5.0.100\rtl\vlog\core\coreahblite_slavearbiter.v|i|1411786375|14771
E:\Julio\Projetos\IPs\CRC\src\SoC\crc_ahb_ip\component\Actel\DirectCore\CoreAHBLite\5.0.100\rtl\vlog\core\coreahblite_slavestage.v|i|1411786375|8597
E:\Julio\Projetos\IPs\CRC\src\SoC\crc_ahb_ip\component\Actel\DirectCore\CoreAHBLite\5.0.100\rtl\vlog\core\coreahblite_matrix4x16.v|i|1411786375|208467
E:\Julio\Projetos\IPs\CRC\src\SoC\crc_ahb_ip\component\Actel\DirectCore\CoreAHBLite\5.0.100\rtl\vlog\core\coreahblite.v|i|1411786375|21688
E:\Julio\Projetos\IPs\CRC\src\SoC\crc_ahb_ip\component\work\crc_ahb_ip\crc_ahb_ip.v|i|1411788673|27314
E:\Julio\Projetos\IPs\CRC\src\SoC\crc_ahb_ip\synthesis\crc_ahb_ip.srr|o|1411788770|47510
C:\Microsemi\Libero_v11.3\Synopsys\synplify_I201309MSP1\bin64\c_ver.exe|i|1389665658|5733376
C:\Microsemi\Libero_v11.3\Synopsys\synplify_I201309MSP1\bin\c_ver.exe|i|1389665444|2205696
