Microsemi Libero Software
Version: 11.6.0.34
Release: v11.6

Created a new design.
'BA_NAME' set to 'crc_ahb_ip_ba'
'IDE_DESIGNERVIEW_NAME' set to 'Impl1'
'IDE_DESIGNERVIEW_COUNT' set to '1'
'IDE_DESIGNERVIEW_REV0' set to 'Impl1'
'IDE_DESIGNERVIEW_REVNUM0' set to '1'
'IDE_DESIGNERVIEW_ROOTDIR' set to 'E:\Julio\Projetos\IPs\CRC\src\SoC\crc_ahb_ip\designer'
'IDE_DESIGNERVIEW_LASTREV' set to '1'
'DESDIR' set to 'E:/Julio/Projetos/IPs/CRC/src/SoC/crc_ahb_ip/designer/impl1'
'BA_DIR' set to 'E:/Julio/Projetos/IPs/CRC/src/SoC/crc_ahb_ip/designer/impl1'
'BA_NETLIST_ALSO' set to '1'
'EDNINFLAVOR' set to 'GENERIC'
'NETLIST_NAMING_STYLE' set to 'VERILOG'
'EXPORT_STATUS_REPORT' set to '1'
'EXPORT_STATUS_REPORT_FILENAME' set to 'crc_ahb_ip.rpt'
'AUDIT_NETLIST_FILE' set to '1'
'AUDIT_DCF_FILE' set to '1'
'AUDIT_PIN_FILE' set to '1'
'AUDIT_ADL_FILE' set to '1'

 Netlist Reading Time = 1.0 seconds
Imported the files:
   E:\Julio\Projetos\IPs\CRC\src\SoC\crc_ahb_ip\synthesis\crc_ahb_ip.edn
   E:\Julio\Projetos\IPs\CRC\src\SoC\crc_ahb_ip\component\work\crc_ahb_ip\crc_ahb_ip.pdc

The Import command succeeded ( 00:00:04 )
Wrote to the file: ..\..\synthesis\crc_ahb_ip.v

The Export command succeeded ( 00:00:02 )

The Execute Script command succeeded ( 00:00:11 )
Warning: The database was closed without a save, modifications are lost
Design closed.

